Using pre-set license
Built from '2020.3/staging' branch; Version is '2020.3.0f1 (c7b5465681fb) revision 13088070'; Using compiler version '192528614'; Build Type 'Release'
OS: 'Windows 10 Home; OS build 18363.1440; Version 1909; 64bit' Language: 'en' Physical Memory: 32719 MB
BatchMode: 1, IsHumanControllingUs: 0, StartBugReporterOnCrash: 0, Is64bit: 1, IsPro: 0

 COMMAND LINE ARGUMENTS:
C:\Program Files\Unity\Hub\Editor\2020.3.0f1\Editor\Unity.exe
-adb2
-batchMode
-noUpm
-name
AssetImportWorker0
-projectPath
C:/Users/chris/repos/Unity3dRaymarching
-logFile
Logs/AssetImportWorker0.log
-srvPort
51610
Successfully changed project path to: C:/Users/chris/repos/Unity3dRaymarching
C:/Users/chris/repos/Unity3dRaymarching
Using Asset Import Pipeline V2.
Refreshing native plugins compatible for Editor in 37.37 ms, found 0 plugins.
Preloading 0 native plugins for Editor in 0.00 ms.
Initialize engine version: 2020.3.0f1 (c7b5465681fb)
[Subsystems] Discovering subsystems at path C:/Program Files/Unity/Hub/Editor/2020.3.0f1/Editor/Data/Resources/UnitySubsystems
[Subsystems] Discovering subsystems at path C:/Users/chris/repos/Unity3dRaymarching/Assets
GfxDevice: creating device client; threaded=0
Direct3D:
    Version:  Direct3D 11.0 [level 11.1]
    Renderer: NVIDIA GeForce RTX 2070 (ID=0x1f02)
    Vendor:   
    VRAM:     8031 MB
    Driver:   27.21.14.6140
Initialize mono
Mono path[0] = 'C:/Program Files/Unity/Hub/Editor/2020.3.0f1/Editor/Data/Managed'
Mono path[1] = 'C:/Program Files/Unity/Hub/Editor/2020.3.0f1/Editor/Data/MonoBleedingEdge/lib/mono/unityjit'
Mono config path = 'C:/Program Files/Unity/Hub/Editor/2020.3.0f1/Editor/Data/MonoBleedingEdge/etc'
Using monoOptions --debugger-agent=transport=dt_socket,embedding=1,server=y,suspend=n,address=127.0.0.1:56528
Begin MonoManager ReloadAssembly
Registering precompiled unity dll's ...
Register platform support module: C:/Program Files/Unity/Hub/Editor/2020.3.0f1/Editor/Data/PlaybackEngines/WindowsStandaloneSupport/UnityEditor.WindowsStandalone.Extensions.dll
Registered in 0.001489 seconds.
Native extension for WindowsStandalone target not found
Refreshing native plugins compatible for Editor in 31.55 ms, found 0 plugins.
Preloading 0 native plugins for Editor in 0.00 ms.
Invoked RoslynAnalysisRunner static constructor.
RoslynAnalysisRunner will not be running.
RoslynAnalysisRunner has terminated.
Mono: successfully reloaded assembly
- Completed reload, in  1.216 seconds
Platform modules already initialized, skipping
Registering precompiled user dll's ...
Registered in 0.001489 seconds.
Begin MonoManager ReloadAssembly
Native extension for WindowsStandalone target not found
Refreshing native plugins compatible for Editor in 0.45 ms, found 0 plugins.
Preloading 0 native plugins for Editor in 0.00 ms.
Invoked RoslynAnalysisRunner static constructor.
RoslynAnalysisRunner will not be running.
RoslynAnalysisRunner has terminated.
Mono: successfully reloaded assembly
- Completed reload, in  0.719 seconds
Platform modules already initialized, skipping
========================================================================
Worker process is ready to serve import requests
Launched and connected shader compiler UnityShaderCompiler.exe after 0.04 seconds
Refreshing native plugins compatible for Editor in 0.49 ms, found 0 plugins.
Preloading 0 native plugins for Editor in 0.00 ms.
Unloading 1573 Unused Serialized files (Serialized files now loaded: 0)
System memory in use before: 89.9 MB.
System memory in use after: 89.6 MB.

Unloading 35 unused Assets to reduce memory usage. Loaded Objects now: 2007.
Total: 2.154600 ms (FindLiveObjects: 0.277700 ms CreateObjectMapping: 0.058200 ms MarkObjects: 1.524500 ms  DeleteObjects: 0.293300 ms)

========================================================================
Received Import Request.
  path: Assets/test.unity
  artifactKey: Guid(6c88f5b2feba6ea4fa92b3a7127d2e73) Importer(815301076,1909f56bfc062723c751e8b465ee728b)
Start importing Assets/test.unity using Guid(6c88f5b2feba6ea4fa92b3a7127d2e73) Importer(815301076,1909f56bfc062723c751e8b465ee728b)  -> (artifact id: 'feb461099c521ee48b0b57af26464b4f') in 0.015019 seconds
  Import took 0.017613 seconds .

========================================================================
Received Prepare
Registering precompiled user dll's ...
Registered in 0.001401 seconds.
Begin MonoManager ReloadAssembly
Native extension for WindowsStandalone target not found
Refreshing native plugins compatible for Editor in 0.49 ms, found 0 plugins.
Preloading 0 native plugins for Editor in 0.00 ms.
Invoked RoslynAnalysisRunner static constructor.
RoslynAnalysisRunner will not be running.
RoslynAnalysisRunner has terminated.
Mono: successfully reloaded assembly
- Completed reload, in  0.680 seconds
Platform modules already initialized, skipping
Refreshing native plugins compatible for Editor in 0.49 ms, found 0 plugins.
Preloading 0 native plugins for Editor in 0.00 ms.
Unloading 1480 Unused Serialized files (Serialized files now loaded: 0)
System memory in use before: 82.8 MB.
System memory in use after: 82.5 MB.

Unloading 26 unused Assets to reduce memory usage. Loaded Objects now: 2010.
Total: 2.129300 ms (FindLiveObjects: 0.193400 ms CreateObjectMapping: 0.037800 ms MarkObjects: 1.529400 ms  DeleteObjects: 0.367700 ms)

========================================================================
Received Prepare
Registering precompiled user dll's ...
Registered in 0.001602 seconds.
Begin MonoManager ReloadAssembly
Native extension for WindowsStandalone target not found
Refreshing native plugins compatible for Editor in 0.46 ms, found 0 plugins.
Preloading 0 native plugins for Editor in 0.00 ms.
Invoked RoslynAnalysisRunner static constructor.
RoslynAnalysisRunner will not be running.
RoslynAnalysisRunner has terminated.
Mono: successfully reloaded assembly
- Completed reload, in  0.653 seconds
Platform modules already initialized, skipping
Refreshing native plugins compatible for Editor in 0.68 ms, found 0 plugins.
Preloading 0 native plugins for Editor in 0.00 ms.
Unloading 1480 Unused Serialized files (Serialized files now loaded: 0)
System memory in use before: 82.8 MB.
System memory in use after: 82.6 MB.

Unloading 26 unused Assets to reduce memory usage. Loaded Objects now: 2013.
Total: 2.407300 ms (FindLiveObjects: 0.204800 ms CreateObjectMapping: 0.040600 ms MarkObjects: 1.818000 ms  DeleteObjects: 0.342200 ms)

========================================================================
Received Import Request.
  Time since last request: 321.922016 seconds.
  path: Assets/BooleanRenderer/BooleanRenderer.cs
  artifactKey: Guid(3d7ca0756921e864e83e61e3bcc2f516) Importer(815301076,1909f56bfc062723c751e8b465ee728b)
Start importing Assets/BooleanRenderer/BooleanRenderer.cs using Guid(3d7ca0756921e864e83e61e3bcc2f516) Importer(815301076,1909f56bfc062723c751e8b465ee728b)  -> (artifact id: '43d73684b40a9f110b0ff1cf631b5101') in 0.024925 seconds
  Import took 0.027505 seconds .

========================================================================
Received Import Request.
  Time since last request: 0.627980 seconds.
  path: Assets/BooleanRenderer/Internal-Depth.shader
  artifactKey: Guid(3f5fc8286d848d04ea2f6f4959f6ee11) Importer(815301076,1909f56bfc062723c751e8b465ee728b)
Start importing Assets/BooleanRenderer/Internal-Depth.shader using Guid(3f5fc8286d848d04ea2f6f4959f6ee11) Importer(815301076,1909f56bfc062723c751e8b465ee728b)  -> (artifact id: 'c850d2831c554c18e1188f1ddf6f967e') in 0.013033 seconds
  Import took 0.015355 seconds .

========================================================================
Received Import Request.
  Time since last request: 0.002803 seconds.
  path: Assets/BooleanRenderer/Internal-Depth.shader
  artifactKey: Guid(3f5fc8286d848d04ea2f6f4959f6ee11) Importer(815301076,1909f56bfc062723c751e8b465ee728b)
Start importing Assets/BooleanRenderer/Internal-Depth.shader using Guid(3f5fc8286d848d04ea2f6f4959f6ee11) Importer(815301076,1909f56bfc062723c751e8b465ee728b)  -> (artifact id: 'c850d2831c554c18e1188f1ddf6f967e') in 0.002460 seconds
  Import took 0.004207 seconds .

========================================================================
Received Import Request.
  Time since last request: 6.073573 seconds.
  path: Assets/Raymarching/distance_functions.cginc
  artifactKey: Guid(cf7d029044c45114fa3d9e39af8e5f0d) Importer(815301076,1909f56bfc062723c751e8b465ee728b)
Start importing Assets/Raymarching/distance_functions.cginc using Guid(cf7d029044c45114fa3d9e39af8e5f0d) Importer(815301076,1909f56bfc062723c751e8b465ee728b)  -> (artifact id: '18ecc75bf35fc0f58f2e4ce369394aac') in 0.007547 seconds
  Import took 0.009984 seconds .

AssetImportWorkerClient::OnTransportError - code=2 error=End of file
